This is LuaHBTeX, Version 1.15.0 (TeX Live 2022)  (format=lualatex 2022.12.12)  13 DEC 2022 18:20
 system commands enabled.
**/Users/ezgranet/Documents/GitHub/ukbill/ukbill-ctan/ukbill/ukbill-documentation.tex
(/Users/ezgranet/Documents/GitHub/ukbill/ukbill-ctan/ukbill/ukbill-documentation.tex
LaTeX2e <2022-11-01> patch level 1
Lua module: luaotfload 2022-10-03 3.23 Lua based OpenType font support
Lua module: lualibs 2022-10-04 2.75 ConTeXt Lua standard libraries.
Lua module: lualibs-extended 2022-10-04 2.75 ConTeXt Lua libraries -- extended collection.
luaotfload | conf : Root cache directory is "/Users/ezgranet/Library/texlive/2022/texmf-var/luatex-cache/generic/names".
luaotfload | init : Loading fontloader "fontloader-2022-10-03.lua" from kpse-resolved path "/usr/local/texlive/2022/texmf-dist/tex/luatex/luaotfload/fontloader-2022-10-03.lua".
Lua-only attribute luaotfload@noligature = 1
luaotfload | init : Context OpenType loader version 3.120
Inserting `luaotfload.node_processor' in `pre_linebreak_filter'.
Inserting `luaotfload.node_processor' in `hpack_filter'.
Inserting `luaotfload.glyph_stream' in `glyph_stream_provider'.
Inserting `luaotfload.define_font' in `define_font'.
Lua-only attribute luaotfload_color_attribute = 2
luaotfload | conf : Root cache directory is "/Users/ezgranet/Library/texlive/2022/texmf-var/luatex-cache/generic/names".
Inserting `luaotfload.harf.strip_prefix' in `find_opentype_file'.
Inserting `luaotfload.harf.strip_prefix' in `find_truetype_file'.
Removing  `luaotfload.glyph_stream' from `glyph_stream_provider'.
Inserting `luaotfload.harf.glyphstream' in `glyph_stream_provider'.
Inserting `luaotfload.harf.finalize_vlist' in `post_linebreak_filter'.
Inserting `luaotfload.harf.finalize_hlist' in `hpack_filter'.
Inserting `luaotfload.cleanup_files' in `wrapup_run'.
Inserting `luaotfload.harf.finalize_unicode' in `finish_pdffile'.
Inserting `luaotfload.glyphinfo' in `glyph_info'.
Lua-only attribute luaotfload.letterspace_done = 3
Inserting `luaotfload.aux.set_sscale_dimens' in `luaotfload.patch_font'.
Inserting `luaotfload.aux.set_font_index' in `luaotfload.patch_font'.
Inserting `luaotfload.aux.patch_cambria_domh' in `luaotfload.patch_font'.
Inserting `luaotfload.aux.fixup_fontdata' in `luaotfload.patch_font_unsafe'.
Inserting `luaotfload.aux.set_capheight' in `luaotfload.patch_font'.
Inserting `luaotfload.aux.set_xheight' in `luaotfload.patch_font'.
Inserting `luaotfload.rewrite_fontname' in `luaotfload.patch_font'. L3 programming layer <2022-11-02>
Inserting `tracingstacklevels' in `input_level_string'. (/usr/local/texlive/2022/texmf-dist/tex/latex/base/article.cls
Document Class: article 2022/07/02 v1.4n Standard LaTeX document class
(/usr/local/texlive/2022/texmf-dist/tex/latex/base/size10.clo
File: size10.clo 2022/07/02 v1.4n Standard LaTeX file (size option)
luaotfload | db : Font names database loaded from /Users/ezgranet/Library/texlive/2022/texmf-var/luatex-cache/generic/names/luaotfload-names.luc.gz)
\c@part=\count183
\c@section=\count184
\c@subsection=\count185
\c@subsubsection=\count186
\c@paragraph=\count187
\c@subparagraph=\count188
\c@figure=\count189
\c@table=\count190
\abovecaptionskip=\skip48
\belowcaptionskip=\skip49
\bibindent=\dimen139
) (/usr/local/texlive/2022/texmf-dist/tex/latex/tools/verbatim.sty
Package: verbatim 2022-07-02 v1.5u LaTeX2e package for verbatim enhancements
\every@verbatim=\toks16
\verbatim@line=\toks17
\verbatim@in@stream=\read2
) (/usr/local/texlive/2022/texmf-dist/tex/latex/xcolor/xcolor.sty
Package: xcolor 2022/06/12 v2.14 LaTeX color extensions (UK)
 (/usr/local/texlive/2022/texmf-dist/tex/latex/graphics-cfg/color.cfg
File: color.cfg 2016/01/02 v1.6 sample color configuration
)
Package xcolor Info: Driver file: luatex.def on input line 227.
 (/usr/local/texlive/2022/texmf-dist/tex/latex/graphics-def/luatex.def
File: luatex.def 2022/09/22 v1.2d Graphics/color driver for luatex
) (/usr/local/texlive/2022/texmf-dist/tex/latex/graphics/mathcolor.ltx)
Package xcolor Info: Model `cmy' substituted by `cmy0' on input line 1353.
Package xcolor Info: Model `hsb' substituted by `rgb' on input line 1357.
Package xcolor Info: Model `RGB' extended on input line 1369.
Package xcolor Info: Model `HTML' substituted by `rgb' on input line 1371.
Package xcolor Info: Model `Hsb' substituted by `hsb' on input line 1372.
Package xcolor Info: Model `tHsb' substituted by `hsb' on input line 1373.
Package xcolor Info: Model `HSB' substituted by `hsb' on input line 1374.
Package xcolor Info: Model `Gray' substituted by `gray' on input line 1375.
Package xcolor Info: Model `wave' substituted by `hsb' on input line 1376.
) (/usr/local/texlive/2022/texmf-dist/tex/lualatex/luaquotes/luaquotes.sty
Package: luaquotes 2022/11/231.2.1smart quotes with lua
 (/usr/local/texlive/2022/texmf-dist/tex/generic/iftex/iftex.sty
Package: iftex 2022/02/03 v1.0f TeX engine tests
) (/usr/local/texlive/2022/texmf-dist/tex/lualatex/luacode/luacode.sty
Package: luacode 2012/01/23 v1.2a lua-in-tex helpers (mpg)
 (/usr/local/texlive/2022/texmf-dist/tex/generic/iftex/ifluatex.sty
Package: ifluatex 2019/10/25 v1.5 ifluatex legacy package. Use iftex instead.
) (/usr/local/texlive/2022/texmf-dist/tex/luatex/luatexbase/luatexbase.sty
Package: luatexbase 2015/10/04 v1.3 luatexbase interface to LuaTeX 
 (/usr/local/texlive/2022/texmf-dist/tex/luatex/ctablestack/ctablestack.sty
Package: ctablestack 2015/10/01 v1.0 Catcode table stable support
\@catcodetablestackcnt=\count191
)
\CatcodeTableOther=\catcodetable12
\CatcodeTableExpl=\catcodetable13
)
\luacode@lines=\toks18
\luacode@table@soft=\catcodetable14
) (/usr/local/texlive/2022/texmf-dist/tex/latex/fontspec/fontspec.sty (/usr/local/texlive/2022/texmf-dist/tex/latex/l3packages/xparse/xparse.sty (/usr/local/texlive/2022/texmf-dist/tex/latex/l3kernel/expl3.sty
Package: expl3 2022-11-02 L3 programming layer (loader) 
 (/usr/local/texlive/2022/texmf-dist/tex/latex/l3backend/l3backend-luatex.def
File: l3backend-luatex.def 2022-10-26 L3 backend support: PDF output (LuaTeX)
\l__color_backend_stack_int=\count192
\l__pdf_internal_box=\box51
))
Package: xparse 2022-06-22 L3 Experimental document command parser
)
Package: fontspec 2022/01/15 v2.8a Font selection for XeLaTeX and LuaLaTeX
Lua module: fontspec 2022/01/15 2.8a Font selection for XeLaTeX and LuaLaTeX (/usr/local/texlive/2022/texmf-dist/tex/latex/fontspec/fontspec-luatex.sty
Package: fontspec-luatex 2022/01/15 v2.8a Font selection for XeLaTeX and LuaLaTeX
\l__fontspec_script_int=\count193
\l__fontspec_language_int=\count194
\l__fontspec_strnum_int=\count195
\l__fontspec_tmp_int=\count196
\l__fontspec_tmpa_int=\count197
\l__fontspec_tmpb_int=\count198
\l__fontspec_tmpc_int=\count199
\l__fontspec_em_int=\count266
\l__fontspec_emdef_int=\count267
\l__fontspec_strong_int=\count268
\l__fontspec_strongdef_int=\count269
\l__fontspec_tmpa_dim=\dimen140
\l__fontspec_tmpb_dim=\dimen141
\l__fontspec_tmpc_dim=\dimen142
 (/usr/local/texlive/2022/texmf-dist/tex/latex/base/fontenc.sty
Package: fontenc 2021/04/29 v2.0v Standard LaTeX package
) (/usr/local/texlive/2022/texmf-dist/tex/latex/fontspec/fontspec.cfg)))) (/usr/local/texlive/2022/texmf-dist/tex/latex/tools/longtable.sty
Package: longtable 2021-09-01 v4.17 Multi-page Table package (DPC)
\LTleft=\skip50
\LTright=\skip51
\LTpre=\skip52
\LTpost=\skip53
\LTchunksize=\count270
\LTcapwidth=\dimen143
\LT@head=\box52
\LT@firsthead=\box53
\LT@foot=\box54
\LT@lastfoot=\box55
\LT@gbox=\box56
\LT@cols=\count271
\LT@rows=\count272
\c@LT@tables=\count273
\c@LT@chunks=\count274
\LT@p@ftn=\toks19
) (/usr/local/texlive/2022/texmf-dist/tex/latex/hyperref/hyperref.sty
Package: hyperref 2022-11-13 v7.00u Hypertext links for LaTeX
 (/usr/local/texlive/2022/texmf-dist/tex/generic/ltxcmds/ltxcmds.sty
Package: ltxcmds 2020-05-10 v1.25 LaTeX kernel commands for general use (HO)
) (/usr/local/texlive/2022/texmf-dist/tex/generic/pdftexcmds/pdftexcmds.sty
Package: pdftexcmds 2020-06-27 v0.33 Utility functions of pdfTeX for LuaTeX (HO)
 (/usr/local/texlive/2022/texmf-dist/tex/generic/infwarerr/infwarerr.sty
Package: infwarerr 2019/12/03 v1.5 Providing info/warning/error messages (HO)
)
Package pdftexcmds Info: \pdf@primitive is available.
Package pdftexcmds Info: \pdf@ifprimitive is available.
Package pdftexcmds Info: \pdfdraftmode found.
\pdftexcmds@toks=\toks20
) (/usr/local/texlive/2022/texmf-dist/tex/latex/graphics/keyval.sty
Package: keyval 2022/05/29 v1.15 key=value parser (DPC)
\KV@toks@=\toks21
) (/usr/local/texlive/2022/texmf-dist/tex/latex/kvsetkeys/kvsetkeys.sty
Package: kvsetkeys 2022-10-05 v1.19 Key value parser (HO)
) (/usr/local/texlive/2022/texmf-dist/tex/generic/kvdefinekeys/kvdefinekeys.sty
Package: kvdefinekeys 2019-12-19 v1.6 Define keys (HO)
) (/usr/local/texlive/2022/texmf-dist/tex/generic/pdfescape/pdfescape.sty
Package: pdfescape 2019/12/09 v1.15 Implements pdfTeX's escape features (HO)
) (/usr/local/texlive/2022/texmf-dist/tex/latex/hycolor/hycolor.sty
Package: hycolor 2020-01-27 v1.10 Color options for hyperref/bookmark (HO)
)
(/usr/local/texlive/2022/texmf-dist/tex/latex/letltxmacro/letltxmacro.sty
Package: letltxmacro 2019/12/03 v1.6 Let assignment for LaTeX macros (HO)
) (/usr/local/texlive/2022/texmf-dist/tex/latex/auxhook/auxhook.sty
Package: auxhook 2019-12-17 v1.6 Hooks for auxiliary files (HO)
) (/usr/local/texlive/2022/texmf-dist/tex/latex/hyperref/nameref.sty
Package: nameref 2022-05-17 v2.50 Cross-referencing by name of section
 (/usr/local/texlive/2022/texmf-dist/tex/latex/refcount/refcount.sty
Package: refcount 2019/12/15 v3.6 Data extraction from label references (HO)
) (/usr/local/texlive/2022/texmf-dist/tex/generic/gettitlestring/gettitlestring.sty
Package: gettitlestring 2019/12/15 v1.6 Cleanup title references (HO)
 (/usr/local/texlive/2022/texmf-dist/tex/latex/kvoptions/kvoptions.sty
Package: kvoptions 2022-06-15 v3.15 Key value format for package options (HO)
))
\c@section@level=\count275
)
\@linkdim=\dimen144
\Hy@linkcounter=\count276
\Hy@pagecounter=\count277
 (/usr/local/texlive/2022/texmf-dist/tex/latex/hyperref/pd1enc.def
File: pd1enc.def 2022-11-13 v7.00u Hyperref: PDFDocEncoding definition (HO)
) (/usr/local/texlive/2022/texmf-dist/tex/generic/intcalc/intcalc.sty
Package: intcalc 2019/12/15 v1.3 Expandable calculations with integers (HO)
) (/usr/local/texlive/2022/texmf-dist/tex/generic/etexcmds/etexcmds.sty
Package: etexcmds 2019/12/15 v1.7 Avoid name clashes with e-TeX commands (HO)
)
\Hy@SavedSpaceFactor=\count278
 (/usr/local/texlive/2022/texmf-dist/tex/latex/hyperref/puenc.def
File: puenc.def 2022-11-13 v7.00u Hyperref: PDF Unicode definition (HO)
)
Package hyperref Info: Hyper figures OFF on input line 4162.
Package hyperref Info: Link nesting OFF on input line 4167.
Package hyperref Info: Hyper index ON on input line 4170.
Package hyperref Info: Plain pages OFF on input line 4177.
Package hyperref Info: Backreferencing OFF on input line 4182.
Package hyperref Info: Implicit mode ON; LaTeX internals redefined.
Package hyperref Info: Bookmarks ON on input line 4410.
\c@Hy@tempcnt=\count279
 (/usr/local/texlive/2022/texmf-dist/tex/latex/url/url.sty
\Urlmuskip=\muskip16
Package: url 2013/09/16  ver 3.4  Verb mode for urls, etc.
)
LaTeX Info: Redefining \url on input line 4748.
\XeTeXLinkMargin=\dimen145
 (/usr/local/texlive/2022/texmf-dist/tex/generic/bitset/bitset.sty
Package: bitset 2019/12/09 v1.3 Handle bit-vector datatype (HO)
 (/usr/local/texlive/2022/texmf-dist/tex/generic/bigintcalc/bigintcalc.sty
Package: bigintcalc 2019/12/15 v1.5 Expandable calculations on big integers (HO)
))
\Fld@menulength=\count280
\Field@Width=\dimen146
\Fld@charsize=\dimen147
Package hyperref Info: Hyper figures OFF on input line 6027.
Package hyperref Info: Link nesting OFF on input line 6032.
Package hyperref Info: Hyper index ON on input line 6035.
Package hyperref Info: backreferencing OFF on input line 6042.
Package hyperref Info: Link coloring OFF on input line 6047.
Package hyperref Info: Link coloring with OCG OFF on input line 6052.
Package hyperref Info: PDF/A mode OFF on input line 6057.
 (/usr/local/texlive/2022/texmf-dist/tex/latex/base/atbegshi-ltx.sty
Package: atbegshi-ltx 2021/01/10 v1.0c Emulation of the original atbegshi
package with kernel methods
)
\Hy@abspage=\count281
\c@Item=\count282
\c@Hfootnote=\count283
)
Package hyperref Info: Driver (autodetected): hluatex.
 (/usr/local/texlive/2022/texmf-dist/tex/latex/hyperref/hluatex.def
File: hluatex.def 2022-11-13 v7.00u Hyperref driver for luaTeX
 (/usr/local/texlive/2022/texmf-dist/tex/generic/stringenc/stringenc.sty
Package: stringenc 2019/11/29 v1.12 Convert strings between diff. encodings (HO)
) (/usr/local/texlive/2022/texmf-dist/tex/latex/base/atveryend-ltx.sty
Package: atveryend-ltx 2020/08/19 v1.0a Emulation of the original atveryend package
with kernel methods
)
\Fld@listcount=\count284
\c@bookmark@seq@number=\count285
 (/usr/local/texlive/2022/texmf-dist/tex/latex/rerunfilecheck/rerunfilecheck.sty
Package: rerunfilecheck 2022-07-10 v1.10 Rerun checks for auxiliary files (HO)
 (/usr/local/texlive/2022/texmf-dist/tex/generic/uniquecounter/uniquecounter.sty
Package: uniquecounter 2019/12/15 v1.4 Provide unlimited unique counter (HO)
)
Package uniquecounter Info: New unique counter `rerunfilecheck' on input line 285.
)
\Hy@SectionHShift=\skip54
) (/usr/local/texlive/2022/texmf-dist/tex/generic/hologo/hologo.sty
Package: hologo 2021-11-16 v1.15 A logo collection with bookmark support (HO)
Package hologo Info: Using driver `pdftex'.
) (/usr/local/texlive/2022/texmf-dist/tex/generic/babel/babel.sty
Package: babel 2022/11/30 3.83 The Babel package
 (/usr/local/texlive/2022/texmf-dist/tex/generic/babel/luababel.def
\bbl@readstream=\read3
\l@dumylang=\language2
Package babel Info: Non-standard hyphenation setup on input line 118.
\l@nohyphenation=\language3
\l@german-x-2022-03-16=\language4
\l@ngerman-x-2022-03-16=\language5
\l@afrikaans=\language6
\l@ancientgreek=\language7
\l@ibycus=\language8
\l@arabic=\language9
\l@armenian=\language10
\l@basque=\language11
\l@belarusian=\language12
\l@bulgarian=\language13
\l@catalan=\language14
\l@pinyin=\language15
\l@churchslavonic=\language16
\l@coptic=\language17
\l@croatian=\language18
\l@czech=\language19
\l@danish=\language20
\l@dutch=\language21
\l@ukenglish=\language22
\l@usenglishmax=\language23
\l@esperanto=\language24
\l@estonian=\language25
\l@ethiopic=\language26
\l@farsi=\language27
\l@finnish=\language28
\l@schoolfinnish=\language29
\l@french=\language30
\l@friulan=\language31
\l@galician=\language32
\l@georgian=\language33
\l@german=\language34
\l@ngerman=\language35
\l@swissgerman=\language36
\l@greek=\language37
\l@monogreek=\language38
\l@hungarian=\language39
\l@icelandic=\language40
\l@assamese=\language41
\l@bengali=\language42
\l@gujarati=\language43
\l@hindi=\language44
\l@kannada=\language45
\l@malayalam=\language46
\l@marathi=\language47
\l@oriya=\language48
\l@pali=\language49
\l@panjabi=\language50
\l@tamil=\language51
\l@telugu=\language52
\l@indonesian=\language53
\l@interlingua=\language54
\l@irish=\language55
\l@italian=\language56
\l@kurmanji=\language57
\l@classiclatin=\language58
\l@latin=\language59
\l@liturgicallatin=\language60
\l@latvian=\language61
\l@lithuanian=\language62
\l@macedonian=\language63
\l@mongolian=\language64
\l@mongolianlmc=\language65
\l@bokmal=\language66
\l@nynorsk=\language67
\l@occitan=\language68
\l@piedmontese=\language69
\l@polish=\language70
\l@portuguese=\language71
\l@romanian=\language72
\l@romansh=\language73
\l@russian=\language74
\l@sanskrit=\language75
\l@serbian=\language76
\l@serbianc=\language77
\l@slovak=\language78
\l@slovenian=\language79
\l@spanish=\language80
\l@swedish=\language81
\l@thai=\language82
\l@turkish=\language83
\l@turkmen=\language84
\l@ukrainian=\language85
\l@uppersorbian=\language86
\l@welsh=\language87
\babelcatcodetablenum=\catcodetable15
\bbl@pattcodes=\catcodetable16
)
\babel@savecnt=\count286
\U@D=\dimen148
\l@unhyphenated=\language88
 (/usr/local/texlive/2022/texmf-dist/tex/generic/babel/luababel.def
\bbl@attr@locale=\attribute4
) (/usr/local/texlive/2022/texmf-dist/tex/generic/babel-english/british.ldf
Language: british 2017/06/06 v3.3r English support from the babel system
 (/usr/local/texlive/2022/texmf-dist/tex/generic/babel-english/english.ldf
Language: english 2017/06/06 v3.3r English support from the babel system
Package babel Info: Hyphen rules for 'canadian' set to \l@english
(babel)             (\language0). Reported on input line 102.
Package babel Info: Hyphen rules for 'australian' set to \l@ukenglish
(babel)             (\language22). Reported on input line 105.
Package babel Info: Hyphen rules for 'newzealand' set to \l@ukenglish
(babel)             (\language22). Reported on input line 108.
 (/usr/local/texlive/2022/texmf-dist/tex/generic/hyph-utf8/loadhyph/loadhyph-en-gb.tex ASCII Hyphenation patterns for British English (/usr/local/texlive/2022/texmf-dist/tex/generic/hyph-utf8/patterns/tex/hyph-en-gb.tex)))))
(/usr/local/texlive/2022/texmf-dist/tex/generic/babel/locale/en/babel-british.tex
Package babel Info: Importing font and identification data for british
(babel)             from babel-en-GB.ini. Reported on input line 11.
) (/usr/local/texlive/2022/texmf-dist/tex/latex/datetime2/datetime2.sty
Package: datetime2 2021/03/21 v1.5.7 (NLCT) date and time formats
 (/usr/local/texlive/2022/texmf-dist/tex/latex/tracklang/tracklang.sty
Package: tracklang 2022/10/29 v1.6 (NLCT) Track Languages
 (/usr/local/texlive/2022/texmf-dist/tex/generic/tracklang/tracklang.tex)) (/usr/local/texlive/2022/texmf-dist/tex/latex/etoolbox/etoolbox.sty
Package: etoolbox 2020/10/05 v2.5k e-TeX tools for LaTeX (JAW)
\etb@tempcnta=\count287
) (/usr/local/texlive/2022/texmf-dist/tex/latex/xkeyval/xkeyval.sty
Package: xkeyval 2022/06/16 v2.9 package option processing (HA)
 (/usr/local/texlive/2022/texmf-dist/tex/generic/xkeyval/xkeyval.tex (/usr/local/texlive/2022/texmf-dist/tex/generic/xkeyval/xkvutils.tex
\XKV@toks=\toks22
\XKV@tempa@toks=\toks23
)
\XKV@depth=\count288
File: xkeyval.tex 2014/12/03 v2.7a key=value parser (HA)
)) (/usr/local/texlive/2022/texmf-dist/tex/latex/datetime2-english/datetime2-en-GB.ldf
File: datetime2-en-GB.ldf 2019/10/21 v1.05 (NLCT)
 (/usr/local/texlive/2022/texmf-dist/tex/latex/datetime2-english/datetime2-english-base.ldf
File: datetime2-english-base.ldf 2019/10/21 v1.05 (NLCT)
)))
luaotfload | cache : Lookup cache loaded from /Users/ezgranet/Library/texlive/2022/texmf-var/luatex-cache/generic/names/luaotfload-lookup-cache.luc.

Package fontspec Info: Could not resolve font "PalatineParliamentaryItalic/B"
(fontspec)             (it probably doesn't exist).


Package fontspec Info: Could not resolve font "PalatineParliamentaryBold/I"
(fontspec)             (it probably doesn't exist).


Package fontspec Info: Could not resolve font
(fontspec)             "PalatineParliamentaryRegular/BI" (it probably doesn't
(fontspec)             exist).


Package fontspec Info: Font family 'PalatineParliamentaryRegular(0)' created
(fontspec)             for font 'Palatine Parliamentary Regular' with options
(fontspec)             [Ligatures=TeX,RawFeature={+onum,+pnum},BoldFont={Palatine
(fontspec)             Parliamentary Bold},ItalicFont={Palatine Parliamentary
(fontspec)             Italic}].
(fontspec)              
(fontspec)              This font family consists of the following NFSS
(fontspec)             series/shapes:
(fontspec)              
(fontspec)             - 'normal' (m/n) with NFSS spec.:
(fontspec)             <->"PalatineParliamentaryRegular:mode=node;script=latn;language=dflt;+tlig;+onum,+pnum;"
(fontspec)             - 'small caps'  (m/sc) with NFSS spec.:
(fontspec)             <->"PalatineParliamentaryRegular:mode=node;script=latn;language=dflt;+tlig;+onum,+pnum;+smcp;"
(fontspec)             - 'bold' (b/n) with NFSS spec.:
(fontspec)             <->"PalatineParliamentaryBold:mode=node;script=latn;language=dflt;+tlig;+onum,+pnum;"
(fontspec)             - 'bold small caps'  (b/sc) with NFSS spec.:
(fontspec)             <->"PalatineParliamentaryBold:mode=node;script=latn;language=dflt;+tlig;+onum,+pnum;+smcp;"
(fontspec)             - 'italic' (m/it) with NFSS spec.:
(fontspec)             <->"PalatineParliamentaryItalic:mode=node;script=latn;language=dflt;+tlig;+onum,+pnum;"
(fontspec)             - 'italic small caps'  (m/scit) with NFSS spec.:
(fontspec)             <->"PalatineParliamentaryItalic:mode=node;script=latn;language=dflt;+tlig;+onum,+pnum;+smcp;"

luaotfload | aux : font no 33 (nil) does not define feature smcp for script latn with language dflt
luaotfload | aux : font no 34 (nil) does not define feature smcp for script latn with language dflt
luaotfload | aux : font no 35 (nil) does not define feature smcp for script latn with language dflt
luaotfload | aux : font no 36 (nil) does not define feature smcp for script latn with language dflt

Package fontspec Info: Font family 'SourceCodePro(0)' created for font 'Source
(fontspec)             Code Pro' with options
(fontspec)             [WordSpace={1,0,0},HyphenChar=None,PunctuationSpace=WordSpace,Scale=.9].
(fontspec)              
(fontspec)              This font family consists of the following NFSS
(fontspec)             series/shapes:
(fontspec)              
(fontspec)             - 'normal' (m/n) with NFSS spec.:
(fontspec)             <->s*[.9]"SourceCodePro:mode=node;script=latn;language=dflt;"
(fontspec)             - 'small caps'  (m/sc) with NFSS spec.: 
(fontspec)             and font adjustment code:
(fontspec)             \fontdimen 2\font =1\fontdimen 2\font \fontdimen 3\font
(fontspec)             =0\fontdimen 3\font \fontdimen 4\font =0\fontdimen
(fontspec)             4\font \fontdimen 7\font =0\fontdimen 2\font
(fontspec)             \tex_hyphenchar:D \font =-1\scan_stop: 
(fontspec)             - 'bold' (b/n) with NFSS spec.:
(fontspec)             <->s*[.9]"SourceCodePro/B:mode=node;script=latn;language=dflt;"
(fontspec)             - 'bold small caps'  (b/sc) with NFSS spec.: 
(fontspec)             and font adjustment code:
(fontspec)             \fontdimen 2\font =1\fontdimen 2\font \fontdimen 3\font
(fontspec)             =0\fontdimen 3\font \fontdimen 4\font =0\fontdimen
(fontspec)             4\font \fontdimen 7\font =0\fontdimen 2\font
(fontspec)             \tex_hyphenchar:D \font =-1\scan_stop: 
(fontspec)             - 'italic' (m/it) with NFSS spec.:
(fontspec)             <->s*[.9]"SourceCodePro/I:mode=node;script=latn;language=dflt;"
(fontspec)             - 'italic small caps'  (m/scit) with NFSS spec.: 
(fontspec)             and font adjustment code:
(fontspec)             \fontdimen 2\font =1\fontdimen 2\font \fontdimen 3\font
(fontspec)             =0\fontdimen 3\font \fontdimen 4\font =0\fontdimen
(fontspec)             4\font \fontdimen 7\font =0\fontdimen 2\font
(fontspec)             \tex_hyphenchar:D \font =-1\scan_stop: 
(fontspec)             - 'bold italic' (b/it) with NFSS spec.:
(fontspec)             <->s*[.9]"SourceCodePro/BI:mode=node;script=latn;language=dflt;"
(fontspec)             - 'bold italic small caps'  (b/scit) with NFSS spec.: 
(fontspec)             and font adjustment code:
(fontspec)             \fontdimen 2\font =1\fontdimen 2\font \fontdimen 3\font
(fontspec)             =0\fontdimen 3\font \fontdimen 4\font =0\fontdimen
(fontspec)             4\font \fontdimen 7\font =0\fontdimen 2\font
(fontspec)             \tex_hyphenchar:D \font =-1\scan_stop: 


Package fontspec Info: Font family 'DejaVuSans(0)' created for font 'DejaVu
(fontspec)             Sans' with options
(fontspec)             [BoldFont={},ItalicFont={},SmallCapsFont={}].
(fontspec)              
(fontspec)              This font family consists of the following NFSS
(fontspec)             series/shapes:
(fontspec)              
(fontspec)             - 'normal' (m/n) with NFSS spec.:
(fontspec)             <->"DejaVuSans:mode=node;script=latn;language=dflt;"
(fontspec)             - 'small caps'  (m/sc) with NFSS spec.: 

 (/usr/local/texlive/2022/texmf-dist/tex/latex/minted/minted.sty
Package: minted 2021/12/24 v2.6 Yet another Pygments shim for LaTeX
 (/usr/local/texlive/2022/texmf-dist/tex/latex/fvextra/fvextra.sty
Package: fvextra 2022/11/30 v1.5 fvextra - extensions and patches for fancyvrb
 (/usr/local/texlive/2022/texmf-dist/tex/latex/fancyvrb/fancyvrb.sty
Package: fancyvrb 2022/06/06 4.5 verbatim text (tvz,hv)
\FV@CodeLineNo=\count289
\FV@InFile=\read4
\FV@TabBox=\box57
\c@FancyVerbLine=\count290
\FV@StepNumber=\count291
\FV@OutFile=\write3
) (/usr/local/texlive/2022/texmf-dist/tex/latex/upquote/upquote.sty
Package: upquote 2012/04/19 v1.3 upright-quote and grave-accent glyphs in verbatim
 (/usr/local/texlive/2022/texmf-dist/tex/latex/base/textcomp.sty
Package: textcomp 2020/02/02 v2.0n Standard LaTeX package
)) (/usr/local/texlive/2022/texmf-dist/tex/latex/lineno/lineno.sty
Package: lineno 2022/07/30 line numbers on paragraphs v5.0
\linenopenalty=\count292
\output=\toks24
\linenoprevgraf=\count293
\linenumbersep=\dimen149
\linenumberwidth=\dimen150
\c@linenumber=\count294
\c@pagewiselinenumber=\count295
\c@LN@truepage=\count296
\c@internallinenumber=\count297
\c@internallinenumbers=\count298
\quotelinenumbersep=\dimen151
\bframerule=\dimen152
\bframesep=\dimen153
\bframebox=\box58
\linenoamsmath@ams@eqpen=\count299
LaTeX Info: Redefining \\ on input line 3114.
)
\c@FV@TrueTabGroupLevel=\count300
\c@FV@TrueTabCounter=\count301
\FV@TabBox@Group=\box59
\FV@TmpLength=\skip55
\c@FV@HighlightLinesStart=\count302
\c@FV@HighlightLinesStop=\count303
\FV@LoopCount=\count304
\FV@NCharsBox=\box60
\FV@BreakIndent=\dimen154
\FV@BreakIndentNChars=\count305
\FV@BreakSymbolSepLeft=\dimen155
\FV@BreakSymbolSepLeftNChars=\count306
\FV@BreakSymbolSepRight=\dimen156
\FV@BreakSymbolSepRightNChars=\count307
\FV@BreakSymbolIndentLeft=\dimen157
\FV@BreakSymbolIndentLeftNChars=\count308
\FV@BreakSymbolIndentRight=\dimen158
\FV@BreakSymbolIndentRightNChars=\count309
\c@FancyVerbLineBreakLast=\count310
\FV@LineBox=\box61
\FV@LineIndentBox=\box62
\c@FV@BreakBufferDepth=\count311
\FV@LineWidth=\dimen159
) (/usr/local/texlive/2022/texmf-dist/tex/latex/base/ifthen.sty
Package: ifthen 2022/04/13 v1.1d Standard LaTeX ifthen package (DPC)
) (/usr/local/texlive/2022/texmf-dist/tex/latex/tools/calc.sty
Package: calc 2017/05/25 v4.3 Infix arithmetic (KKT,FJ)
\calc@Acount=\count312
\calc@Bcount=\count313
\calc@Adimen=\dimen160
\calc@Bdimen=\dimen161
\calc@Askip=\skip56
\calc@Bskip=\skip57
LaTeX Info: Redefining \setlength on input line 80.
LaTeX Info: Redefining \addtolength on input line 81.
\calc@Ccount=\count314
\calc@Cskip=\skip58
) (/usr/local/texlive/2022/texmf-dist/tex/latex/tools/shellesc.sty
Package: shellesc 2019/11/08 v1.0c unified shell escape interface for LaTeX
Package shellesc Info: Unrestricted shell escape enabled on input line 75.
) (/usr/local/texlive/2022/texmf-dist/tex/latex/ifplatform/ifplatform.sty
Package: ifplatform 2017/10/13 v0.4a Testing for the operating system
 (/usr/local/texlive/2022/texmf-dist/tex/generic/catchfile/catchfile.sty
Package: catchfile 2019/12/09 v1.8 Catch the contents of a file (HO)
)
runsystem(uname -s > "ukbill-documentation.w18")...executed
 (./ukbill-documentation.w18)
runsystem(rm -- "ukbill-documentation.w18")...executed
) (/usr/local/texlive/2022/texmf-dist/tex/generic/xstring/xstring.sty (/usr/local/texlive/2022/texmf-dist/tex/generic/xstring/xstring.tex
\integerpart=\count315
\decimalpart=\count316
)
Package: xstring 2021/07/21 v1.84 String manipulations (CT)
) (/usr/local/texlive/2022/texmf-dist/tex/latex/framed/framed.sty
Package: framed 2011/10/22 v 0.96: framed or shaded text with page breaks
\OuterFrameSep=\skip59
\fb@frw=\dimen162
\fb@frh=\dimen163
\FrameRule=\dimen164
\FrameSep=\dimen165
) (/usr/local/texlive/2022/texmf-dist/tex/latex/float/float.sty
Package: float 2001/11/08 v1.3d Float enhancements (AL)
\c@float@type=\count317
\float@exts=\toks25
\float@box=\box63
\@float@everytoks=\toks26
\@floatcapt=\box64
)
\minted@appexistsfile=\read5
\minted@bgbox=\box65
\minted@code=\write4
\c@minted@FancyVerbLineTemp=\count318
\c@minted@pygmentizecounter=\count319
\@float@every@listing=\toks27
\c@listing=\count320
)
runsystem(mkdir -p _minted-ukbill-documentation)...executed
runsystem(which pygmentize && touch ukbill-documentation.aex)...executed
runsystem(rm ukbill-documentation.aex)...executed

No file ukbill-documentation.aux.

\openout1 = ukbill-documentation.aux
LaTeX Font Info:    Checking defaults for OML/cmm/m/it on input line 33.
LaTeX Font Info:    ... okay on input line 33.
LaTeX Font Info:    Checking defaults for OMS/cmsy/m/n on input line 33.
LaTeX Font Info:    ... okay on input line 33.
LaTeX Font Info:    Checking defaults for OT1/cmr/m/n on input line 33.
LaTeX Font Info:    ... okay on input line 33.
LaTeX Font Info:    Checking defaults for T1/cmr/m/n on input line 33.
LaTeX Font Info:    ... okay on input line 33.
LaTeX Font Info:    Checking defaults for TS1/cmr/m/n on input line 33.
LaTeX Font Info:    Trying to load font information for TS1+cmr on input line 33.
(/usr/local/texlive/2022/texmf-dist/tex/latex/base/ts1cmr.fd
File: ts1cmr.fd 2022/07/10 v2.5l Standard LaTeX font definitions
)
LaTeX Font Info:    ... okay on input line 33.
LaTeX Font Info:    Checking defaults for TU/lmr/m/n on input line 33.
LaTeX Font Info:    ... okay on input line 33.
LaTeX Font Info:    Checking defaults for OMX/cmex/m/n on input line 33.
LaTeX Font Info:    ... okay on input line 33.
LaTeX Font Info:    Checking defaults for U/cmr/m/n on input line 33.
LaTeX Font Info:    ... okay on input line 33.
LaTeX Font Info:    Checking defaults for PD1/pdf/m/n on input line 33.
LaTeX Font Info:    ... okay on input line 33.
LaTeX Font Info:    Checking defaults for PU/pdf/m/n on input line 33.
LaTeX Font Info:    ... okay on input line 33.
 (/usr/local/texlive/2022/texmf-dist/tex/context/base/mkii/supp-pdf.mkii
[Loading MPS to PDF converter (version 2006.09.02).]
\scratchcounter=\count321
\scratchdimen=\dimen166
\scratchbox=\box66
\nofMPsegments=\count322
\nofMParguments=\count323
\everyMPshowfont=\toks28
\MPscratchCnt=\count324
\MPscratchDim=\dimen167
\MPnumerator=\count325
\makeMPintoPDFobject=\count326
\everyMPtoPDFconversion=\toks29
)

Package fontspec Info: Adjusting the maths setup (use [no-math] to avoid
(fontspec)             this).

\symlegacymaths=\mathgroup4
LaTeX Font Info:    Overwriting symbol font `legacymaths' in version `bold'
(Font)                  OT1/cmr/m/n --> OT1/cmr/bx/n on input line 33.
LaTeX Font Info:    Redeclaring math accent \acute on input line 33.
LaTeX Font Info:    Redeclaring math accent \grave on input line 33.
LaTeX Font Info:    Redeclaring math accent \ddot on input line 33.
LaTeX Font Info:    Redeclaring math accent \tilde on input line 33.
LaTeX Font Info:    Redeclaring math accent \bar on input line 33.
LaTeX Font Info:    Redeclaring math accent \breve on input line 33.
LaTeX Font Info:    Redeclaring math accent \check on input line 33.
LaTeX Font Info:    Redeclaring math accent \hat on input line 33.
LaTeX Font Info:    Redeclaring math accent \dot on input line 33.
LaTeX Font Info:    Redeclaring math accent \mathring on input line 33.
LaTeX Font Info:    Redeclaring math symbol \colon on input line 33.
LaTeX Font Info:    Redeclaring math symbol \Gamma on input line 33.
LaTeX Font Info:    Redeclaring math symbol \Delta on input line 33.
LaTeX Font Info:    Redeclaring math symbol \Theta on input line 33.
LaTeX Font Info:    Redeclaring math symbol \Lambda on input line 33.
LaTeX Font Info:    Redeclaring math symbol \Xi on input line 33.
LaTeX Font Info:    Redeclaring math symbol \Pi on input line 33.
LaTeX Font Info:    Redeclaring math symbol \Sigma on input line 33.
LaTeX Font Info:    Redeclaring math symbol \Upsilon on input line 33.
LaTeX Font Info:    Redeclaring math symbol \Phi on input line 33.
LaTeX Font Info:    Redeclaring math symbol \Psi on input line 33.
LaTeX Font Info:    Redeclaring math symbol \Omega on input line 33.
LaTeX Font Info:    Redeclaring math symbol \mathdollar on input line 33.
LaTeX Font Info:    Redeclaring symbol font `operators' on input line 33.
LaTeX Font Info:    Encoding `OT1' has changed to `TU' for symbol font
(Font)              `operators' in the math version `normal' on input line 33.
LaTeX Font Info:    Overwriting symbol font `operators' in version `normal'
(Font)                  OT1/cmr/m/n --> TU/PalatineParliamentaryRegular(0)/m/n on input line 33.
LaTeX Font Info:    Encoding `OT1' has changed to `TU' for symbol font
(Font)              `operators' in the math version `bold' on input line 33.
LaTeX Font Info:    Overwriting symbol font `operators' in version `bold'
(Font)                  OT1/cmr/bx/n --> TU/PalatineParliamentaryRegular(0)/m/n on input line 33.
LaTeX Font Info:    Overwriting symbol font `operators' in version `normal'
(Font)                  TU/PalatineParliamentaryRegular(0)/m/n --> TU/PalatineParliamentaryRegular(0)/m/n on input line 33.
LaTeX Font Info:    Overwriting math alphabet `\mathit' in version `normal'
(Font)                  OT1/cmr/m/it --> TU/PalatineParliamentaryRegular(0)/m/it on input line 33.
LaTeX Font Info:    Overwriting math alphabet `\mathbf' in version `normal'
(Font)                  OT1/cmr/bx/n --> TU/PalatineParliamentaryRegular(0)/b/n on input line 33.
LaTeX Font Info:    Overwriting math alphabet `\mathsf' in version `normal'
(Font)                  OT1/cmss/m/n --> TU/lmss/m/n on input line 33.
LaTeX Font Info:    Overwriting math alphabet `\mathtt' in version `normal'
(Font)                  OT1/cmtt/m/n --> TU/SourceCodePro(0)/m/n on input line 33.
LaTeX Font Info:    Overwriting symbol font `operators' in version `bold'
(Font)                  TU/PalatineParliamentaryRegular(0)/m/n --> TU/PalatineParliamentaryRegular(0)/b/n on input line 33.
LaTeX Font Info:    Overwriting math alphabet `\mathit' in version `bold'
(Font)                  OT1/cmr/bx/it --> TU/PalatineParliamentaryRegular(0)/b/it on input line 33.
LaTeX Font Info:    Overwriting math alphabet `\mathsf' in version `bold'
(Font)                  OT1/cmss/bx/n --> TU/lmss/b/n on input line 33.
LaTeX Font Info:    Overwriting math alphabet `\mathtt' in version `bold'
(Font)                  OT1/cmtt/m/n --> TU/SourceCodePro(0)/b/n on input line 33.
Inserting `frdoublequotes' in `process_input_buffer'.
Inserting `frsinglequotelinestart' in `process_input_buffer'.
Inserting `frsinglequotesclose' in `process_input_buffer'.
Removing  `frdoublequotes' from `process_input_buffer'.
Removing  `frsinglequotelinestart' from `process_input_buffer'.
Removing  `frsinglequotesclose' from `process_input_buffer'.
Inserting `dedoublequotes' in `process_input_buffer'.
Inserting `desinglequotelinestart' in `process_input_buffer'.
Inserting `desinglequotesclose' in `process_input_buffer'.
Removing  `dedoublequotes' from `process_input_buffer'.
Removing  `desinglequotelinestart' from `process_input_buffer'.
Removing  `desinglequotesclose' from `process_input_buffer'.
Inserting `doublequotes' in `process_input_buffer'.
Inserting `singlequotelinestart' in `process_input_buffer'.
Inserting `singlequotes' in `process_input_buffer'.
Package hyperref Info: Link coloring OFF on input line 33.
\@outlinefile=\write5

\openout5 = ukbill-documentation.out
LaTeX Font Info:    Font shape `TU/SourceCodePro(0)/m/n' will be
(Font)              scaled to size 15.55188pt on input line 35.
luaotfload | aux : font no 48 (nil) does not define feature smcp for script latn with language dflt
LaTeX Font Info:    Font shape `TU/SourceCodePro(0)/m/n' will be
(Font)              scaled to size 8.99994pt on input line 35.
luaotfload | aux : font no 50 (nil) does not define feature smcp for script latn with language dflt
luaotfload | aux : font no 51 (nil) does not define feature smcp for script latn with language dflt
luaotfload | aux : font no 52 (nil) does not define feature smcp for script latn with language dflt

Package fontspec Info: Font family 'SourceCodePro(1)' created for font 'Source
(fontspec)             Code Pro' with options
(fontspec)             [WordSpace={1,0,0},HyphenChar=None,PunctuationSpace=WordSpace,Scale=.9,RawFeature={+qtbye,-tlig}].
(fontspec)              
(fontspec)              This font family consists of the following NFSS
(fontspec)             series/shapes:
(fontspec)              
(fontspec)             - 'normal' (m/n) with NFSS spec.:
(fontspec)             <->s*[.9]"SourceCodePro:mode=node;script=latn;language=dflt;+qtbye,-tlig;"
(fontspec)             - 'small caps'  (m/sc) with NFSS spec.: 
(fontspec)             and font adjustment code:
(fontspec)             \fontdimen 2\font =1\fontdimen 2\font \fontdimen 3\font
(fontspec)             =0\fontdimen 3\font \fontdimen 4\font =0\fontdimen
(fontspec)             4\font \fontdimen 7\font =0\fontdimen 2\font
(fontspec)             \tex_hyphenchar:D \font =-1\scan_stop: 
(fontspec)             - 'bold' (b/n) with NFSS spec.:
(fontspec)             <->s*[.9]"SourceCodePro/B:mode=node;script=latn;language=dflt;+qtbye,-tlig;"
(fontspec)             - 'bold small caps'  (b/sc) with NFSS spec.: 
(fontspec)             and font adjustment code:
(fontspec)             \fontdimen 2\font =1\fontdimen 2\font \fontdimen 3\font
(fontspec)             =0\fontdimen 3\font \fontdimen 4\font =0\fontdimen
(fontspec)             4\font \fontdimen 7\font =0\fontdimen 2\font
(fontspec)             \tex_hyphenchar:D \font =-1\scan_stop: 
(fontspec)             - 'italic' (m/it) with NFSS spec.:
(fontspec)             <->s*[.9]"SourceCodePro/I:mode=node;script=latn;language=dflt;+qtbye,-tlig;"
(fontspec)             - 'italic small caps'  (m/scit) with NFSS spec.: 
(fontspec)             and font adjustment code:
(fontspec)             \fontdimen 2\font =1\fontdimen 2\font \fontdimen 3\font
(fontspec)             =0\fontdimen 3\font \fontdimen 4\font =0\fontdimen
(fontspec)             4\font \fontdimen 7\font =0\fontdimen 2\font
(fontspec)             \tex_hyphenchar:D \font =-1\scan_stop: 
(fontspec)             - 'bold italic' (b/it) with NFSS spec.:
(fontspec)             <->s*[.9]"SourceCodePro/BI:mode=node;script=latn;language=dflt;+qtbye,-tlig;"
(fontspec)             - 'bold italic small caps'  (b/scit) with NFSS spec.: 
(fontspec)             and font adjustment code:
(fontspec)             \fontdimen 2\font =1\fontdimen 2\font \fontdimen 3\font
(fontspec)             =0\fontdimen 3\font \fontdimen 4\font =0\fontdimen
(fontspec)             4\font \fontdimen 7\font =0\fontdimen 2\font
(fontspec)             \tex_hyphenchar:D \font =-1\scan_stop: 

LaTeX Font Info:    Font shape `TU/SourceCodePro(1)/m/n' will be
(Font)              scaled to size 15.55188pt on input line 35.
LaTeX Font Info:    External font `cmex10' loaded for size
(Font)              <12> on input line 35.
LaTeX Font Info:    External font `cmex10' loaded for size
(Font)              <8> on input line 35.
LaTeX Font Info:    External font `cmex10' loaded for size
(Font)              <6> on input line 35.
LaTeX Font Info:    Font shape `TU/SourceCodePro(0)/m/n' will be
(Font)              scaled to size 10.79993pt on input line 35.
LaTeX Font Info:    External font `cmex10' loaded for size
(Font)              <5> on input line 35.
LaTeX Font Info:    Font shape `TU/SourceCodePro(0)/m/n' will be
(Font)              scaled to size 7.19995pt on input line 35.

No file ukbill-documentation.toc.
\tf@toc=\write6

\openout6 = ukbill-documentation.toc
[1

{/usr/local/texlive/2022/texmf-var/fonts/map/pdftex/updmap/pdftex.map}]
LaTeX Font Info:    External font `cmex10' loaded for size
(Font)              <7> on input line 38.
LaTeX Font Info:    Font shape `TU/SourceCodePro(1)/m/n' will be
(Font)              scaled to size 8.99994pt on input line 40.

Overfull \hbox (10.75291pt too wide) in paragraph at lines 40--41
\TU/PalatineParliamentaryRegular(0)/m/n/10 For an ex-ample of the us-age of the pack-age, please see the at-tached ‘\TU/SourceCodePro(1)/m/n/10 immigration-
 []


Underfull \hbox (badness 5460) in paragraph at lines 59--60
[]\TU/PalatineParliamentaryRegular(0)/m/n/10 This vari-able is needed \TU/PalatineParliamentaryRegular(0)/b/n/10 only \TU/PalatineParliamentaryRegular(0)/m/n/10 in the
 []

[2

]
\openout3 = ukbill-documentation.pyg

runsystem(pygmentize -S default -f latex -P commandprefix=PYG > _minted-ukbill-documentation/default.pygstyle)...executed
 (./_minted-ukbill-documentation/default.pygstyle)
runsystem(pygmentize -l latex -f latex -P commandprefix=PYG -F tokenmerge -P stripnl=False -o _minted-ukbill-documentation/919063C5F2310ECA4B5138E3A12039E36E28DCB691B1540DF10C6BF25B1E9AFF.pygtex ukbill-documentation.pyg)...executed
 (./_minted-ukbill-documentation/919063C5F2310ECA4B5138E3A12039E36E28DCB691B1540DF10C6BF25B1E9AFF.pygtex
LaTeX Font Info:    Font shape `TU/SourceCodePro(0)/b/n' will be
(Font)              scaled to size 7.19995pt on input line 2.
)
\openout3 = ukbill-documentation.pyg

runsystem(pygmentize -l latex -f latex -P commandprefix=PYG -F tokenmerge -P stripnl=False -o _minted-ukbill-documentation/889041E9D80990C770FF06AEDDB0F62F6E28DCB691B1540DF10C6BF25B1E9AFF.pygtex ukbill-documentation.pyg)...executed
 (./_minted-ukbill-documentation/889041E9D80990C770FF06AEDDB0F62F6E28DCB691B1540DF10C6BF25B1E9AFF.pygtex
LaTeX Font Info:    Font shape `TU/SourceCodePro(0)/m/n' will be
(Font)              scaled to size 4.49997pt on input line 9.
)
\openout3 = ukbill-documentation.pyg

runsystem(pygmentize -l latex -f latex -P commandprefix=PYG -F tokenmerge -P stripnl=False -o _minted-ukbill-documentation/2CBB2447CAB467CA367373ED5DD605F66E28DCB691B1540DF10C6BF25B1E9AFF.pygtex ukbill-documentation.pyg)...executed
 (./_minted-ukbill-documentation/2CBB2447CAB467CA367373ED5DD605F66E28DCB691B1540DF10C6BF25B1E9AFF.pygtex) [3]
LaTeX Font Info:    Font shape `TU/SourceCodePro(1)/m/n' will be
(Font)              scaled to size 10.79993pt on input line 146.
 [4]
\openout3 = ukbill-documentation.pyg

runsystem(pygmentize -l latex -f latex -P commandprefix=PYG -F tokenmerge -P stripnl=False -o _minted-ukbill-documentation/01638716D8443262FC2C8407EEF162906E28DCB691B1540DF10C6BF25B1E9AFF.pygtex ukbill-documentation.pyg)...executed
 (./_minted-ukbill-documentation/01638716D8443262FC2C8407EEF162906E28DCB691B1540DF10C6BF25B1E9AFF.pygtex
LaTeX Font Info:    Font shape `TU/SourceCodePro(0)/m/it' will be
(Font)              scaled to size 7.19995pt on input line 5.

Overfull \hbox (321.95645pt too wide) in paragraph at lines 174--174
[]\TU/SourceCodePro(0)/b/n/8 \makeevenhead[][]\TU/SourceCodePro(0)/m/n/8 {[]bill[]}{[][]\TU/SourceCodePro(0)/b/n/8 \Rightblock\normalsize\thepage\ifnum\value[][]\TU/SourceCodePro(0)/m/n/8 {[]part[]}[]>0[]\TU/SourceCodePro(0)/b/n/8 \\\else\fi\ifnum\value[][]\TU/SourceCodePro(0)/m/n/8 {[]schedon[]}[]=1[]\TU/SourceCodePro(0)/b/n/8 \\\else\fi\ifnum\value[][]\TU/SourceCodePro(0)/m/n/8 {[]subsubsection[]}[]>0[]\TU/SourceCodePro(0)/b/n/8 \vskip[] 
 []


Overfull \hbox (15.2381pt too wide) in paragraph at lines 179--179
[]\TU/SourceCodePro(0)/b/n/8 \arabic[][]\TU/SourceCodePro(0)/m/n/8 {[]subsubsection[]}[][]\TU/SourceCodePro(0)/b/n/8 \hspace[][]\TU/SourceCodePro(0)/m/n/8 {[]1ex[]}[]—[]\TU/SourceCodePro(0)/b/n/8 \hspace[][]\TU/SourceCodePro(0)/m/n/8 {[]1ex[]}[][]\TU/SourceCodePro(0)/b/n/8 \currentsubsubsection\else\fi[][]\TU/SourceCodePro(0)/m/n/8 }[]|  
 []


Overfull \hbox (533.63531pt too wide) in paragraph at lines 185--185
[]\TU/SourceCodePro(0)/b/n/8 \arabic[][]\TU/SourceCodePro(0)/m/n/8 {[]subsubsection[]}[][]\TU/SourceCodePro(0)/b/n/8 \hspace[][]\TU/SourceCodePro(0)/m/n/8 {[]1ex[]}[]—[]\TU/SourceCodePro(0)/b/n/8 \hspace[][]\TU/SourceCodePro(0)/m/n/8 {[]1ex[]}[][]\TU/SourceCodePro(0)/b/n/8 \currentsubsubsection\else\fi[][]\TU/SourceCodePro(0)/m/n/8 }{}{[][]\TU/SourceCodePro(0)/b/n/8 \normalsize\thepage\ifnum\value[][]\TU/SourceCodePro(0)/m/n/8 {[]part[]}[]>0[]\TU/SourceCodePro(0)/b/n/8 \\\else\fi\ifnum\value[][]\TU/SourceCodePro(0)/m/n/8 {[]schedon[]}[]=1[]\TU/SourceCodePro(0)/b/n/8 \\\else\fi\ifnum\value[][]\TU/SourceCodePro(0)/m/n/8 {[]subsubsection[]}[]>0[]\TU/SourceCodePro(0)/b/n/8 \vskip[] 
 []


Overfull \hbox (343.55634pt too wide) in paragraph at lines 199--199
[]\TU/SourceCodePro(0)/b/n/8 \makeevenhead[][]\TU/SourceCodePro(0)/m/n/8 {[]billfirst[]}{[][]\TU/SourceCodePro(0)/b/n/8 \Firstblock\normalsize\thepage\ifnum\value[][]\TU/SourceCodePro(0)/m/n/8 {[]part[]}[]>0[]\TU/SourceCodePro(0)/b/n/8 \\\else\fi\ifnum\value[][]\TU/SourceCodePro(0)/m/n/8 {[]schedon[]}[]=1[]\TU/SourceCodePro(0)/b/n/8 \\\else\fi\ifnum\value[][]\TU/SourceCodePro(0)/m/n/8 {[]subsubsection[]}[]>0[]\TU/SourceCodePro(0)/b/n/8 \vskip[] 
 []


Overfull \hbox (15.2381pt too wide) in paragraph at lines 204--204
[]\TU/SourceCodePro(0)/b/n/8 \arabic[][]\TU/SourceCodePro(0)/m/n/8 {[]subsubsection[]}[][]\TU/SourceCodePro(0)/b/n/8 \hspace[][]\TU/SourceCodePro(0)/m/n/8 {[]1ex[]}[]—[]\TU/SourceCodePro(0)/b/n/8 \hspace[][]\TU/SourceCodePro(0)/m/n/8 {[]1ex[]}[][]\TU/SourceCodePro(0)/b/n/8 \currentsubsubsection\else\fi[][]\TU/SourceCodePro(0)/m/n/8 }[]|  
 []


Overfull \hbox (533.63531pt too wide) in paragraph at lines 210--210
[]\TU/SourceCodePro(0)/b/n/8 \arabic[][]\TU/SourceCodePro(0)/m/n/8 {[]subsubsection[]}[][]\TU/SourceCodePro(0)/b/n/8 \hspace[][]\TU/SourceCodePro(0)/m/n/8 {[]1ex[]}[]—[]\TU/SourceCodePro(0)/b/n/8 \hspace[][]\TU/SourceCodePro(0)/m/n/8 {[]1ex[]}[][]\TU/SourceCodePro(0)/b/n/8 \currentsubsubsection\else\fi[][]\TU/SourceCodePro(0)/m/n/8 }{}{[][]\TU/SourceCodePro(0)/b/n/8 \normalsize\thepage\ifnum\value[][]\TU/SourceCodePro(0)/m/n/8 {[]part[]}[]>0[]\TU/SourceCodePro(0)/b/n/8 \\\else\fi\ifnum\value[][]\TU/SourceCodePro(0)/m/n/8 {[]schedon[]}[]=1[]\TU/SourceCodePro(0)/b/n/8 \\\else\fi\ifnum\value[][]\TU/SourceCodePro(0)/m/n/8 {[]subsubsection[]}[]>0[]\TU/SourceCodePro(0)/b/n/8 \vskip[] 
 []


Overfull \hbox (2.27817pt too wide) in paragraph at lines 290--290
|| ||[]\TU/SourceCodePro(0)/b/n/8 \renewcommand[][]\TU/SourceCodePro(0)/m/n/8 {[][]\TU/SourceCodePro(0)/b/n/8 \printtoctitle[][]\TU/SourceCodePro(0)/m/n/8 }[][1][]{[][]\TU/SourceCodePro(0)/b/n/8 \large\scshape\centerline[][]\TU/SourceCodePro(0)/m/n/8 {[][]\TU/SourceCodePro(0)/b/n/8 \MakeUppercase[][]\TU/SourceCodePro(0)/m/n/8 {[]#1[]}}}[]|  
 []


Overfull \hbox (45.47794pt too wide) in paragraph at lines 317--317
|| ||[]\TU/SourceCodePro(0)/b/n/8 \normalfont\normalsize\itshape\printchaptertitle[][]\TU/SourceCodePro(0)/m/n/8 {[]#1[]}[][]\TU/SourceCodePro(0)/b/n/8 \normalfont\normalsidze\\\end[][]\TU/SourceCodePro(0)/m/n/8 {[]center[]}[]|  
 []

)
Underfull \vbox (badness 1509) detected at line 783
 []

[5

]
Underfull \vbox (badness 10000) detected at line 783
 []


Underfull \vbox (badness 10000) detected at line 783
 []

[6]
Underfull \vbox (badness 10000) detected at line 783
 []


Underfull \vbox (badness 10000) detected at line 783
 []

[7]
Underfull \vbox (badness 10000) detected at line 783
 []


Overfull \vbox (7.19759pt too high) detected at line 783
 []

[8]
Underfull \vbox (badness 10000) detected at line 783
 []


Underfull \vbox (badness 10000) detected at line 783
 []

[9]
Underfull \vbox (badness 10000) detected at line 783
 []


Underfull \vbox (badness 10000) detected at line 783
 []

[10]
Underfull \vbox (badness 10000) detected at line 783
 []


Underfull \vbox (badness 10000) detected at line 783
 []

[11]
Underfull \vbox (badness 10000) detected at line 783
 []


Underfull \vbox (badness 10000) detected at line 783
 []

[12]
Underfull \vbox (badness 10000) detected at line 783
 []


Underfull \vbox (badness 10000) detected at line 783
 []

[13]
Underfull \vbox (badness 10000) detected at line 783
 []


Underfull \vbox (badness 10000) detected at line 783
 []

[14]
Underfull \vbox (badness 10000) detected at line 783
 []


Underfull \vbox (badness 10000) detected at line 783
 []

[15]
Underfull \vbox (badness 10000) detected at line 783
 []


Underfull \vbox (badness 10000) detected at line 783
 []

[16]
Underfull \vbox (badness 10000) detected at line 783
 []


Underfull \vbox (badness 10000) detected at line 783
 []

[17] [18] (./ukbill-documentation.aux)

Package rerunfilecheck Warning: File `ukbill-documentation.out' has changed.
(rerunfilecheck)                Rerun to get outlines right
(rerunfilecheck)                or use package `bookmark'.

Package rerunfilecheck Info: Checksums for `ukbill-documentation.out':
(rerunfilecheck)             Before: <no file>
(rerunfilecheck)             After:  44AF382C653AF3452190DAB42788EE29;1561.
runsystem(rm ukbill-documentation.pyg)...executed
)

Here is how much of LuaTeX's memory you used:
 19482 strings out of 477247
 381543,1144653 words of node,token memory allocated
 525 words of node memory still in use:
   4 hlist, 1 vlist, 1 rule, 7 glue, 3 kern, 1 glyph, 11 attribute, 59 glue_spec, 7 attribute_list, 1 write nodes
   avail lists: 1:1,2:41842,3:1479,4:4376,5:2481,6:663,7:26196,8:54,9:5129,10:14,11:219
 39978 multiletter control sequences out of 65536+600000
 91 fonts using 17620327 bytes
 87i,11n,86p,1120b,737s stack positions out of 10000i,1000n,20000p,200000b,200000s
</Users/ezgranet/Library/Fonts/SourceCodePro-RegularIt.otf></Users/ezgranet/Library/Fonts/PalatineP-Italic.otf></Users/ezgranet/Library/Fonts/SourceCodePro-Medium.otf></Users/ezgranet/Library/Fonts/PalatineP-Bold.otf></Users/ezgranet/Library/Fonts/PalatineP-Regular.otf></Users/ezgranet/Library/Fonts/SourceCodePro-Regular.otf></usr/local/texlive/2022/texmf-dist/fonts/type1/public/amsfonts/cm/cmmi5.pfb></usr/local/texlive/2022/texmf-dist/fonts/type1/public/amsfonts/cm/cmsy5.pfb>
Output written on ukbill-documentation.pdf (18 pages, 96567 bytes).

PDF statistics: 159 PDF objects out of 1000 (max. 8388607)
 117 compressed objects within 2 object streams
 35 named destinations out of 1000 (max. 131072)
 1 words of extra memory for PDF output out of 10000 (max. 100000000)

